<?xml version="1.0" encoding="UTF-8"?>
<testsuite name="ru.nsu.valikov.TreeTest" tests="4" skipped="0" failures="0" errors="0" timestamp="2022-10-06T04:46:39" hostname="COMPUTER" time="0.061">
  <properties/>
  <testcase name="testAddErase()" classname="ru.nsu.valikov.TreeTest" time="0.052"/>
  <testcase name="testBfsIterator()" classname="ru.nsu.valikov.TreeTest" time="0.003"/>
  <testcase name="equalTest()" classname="ru.nsu.valikov.TreeTest" time="0.001"/>
  <testcase name="testDfsIterator()" classname="ru.nsu.valikov.TreeTest" time="0.001"/>
  <system-out><![CDATA[]]></system-out>
  <system-err><![CDATA[]]></system-err>
</testsuite>
